#
# A fatal error has been detected by the Java Runtime Environment:
#
#  SIGSEGV (0xb) at pc=0x00007fa95874cef4, pid=29290, tid=29331
#
# JRE version: OpenJDK Runtime Environment (11.0+28) (build 11+28)
# Java VM: OpenJDK 64-Bit Server VM (11+28, mixed mode, tiered, compressed oops, g1 gc, linux-amd64)
# Problematic frame:
# J 767 c2 java.lang.AbstractStringBuilder.append(Ljava/lang/String;)Ljava/lang/AbstractStringBuilder; java.base@11 (45 bytes) @ 0x00007fa95874cef4 [0x00007fa95874cec0+0x0000000000000034]
#
# Core dump will be written. Default location: Core dumps may be processed with "/lib/systemd/systemd-coredump %P %u %g %s %t 9223372036854775808 %h" (or dumping to /home/dvl-monster/Documents/IN 3/PROJET/Implementation/uv_projet_in3_2023/resources/api/swagger/core.29290)
#
# If you would like to submit a bug report, please visit:
#   http://bugreport.java.com/bugreport/crash.jsp
#

---------------  S U M M A R Y ------------

Command Line: swagger-codegen-cli.jar generate -i ../../../src/backend/laravel-app/storage/api-docs/api-docs.json -l typescript-axios -o ../../../src/frontend/web/react-admin/src/generated

Host: AMD A6-4400M APU with Radeon(tm) HD Graphics, 2 cores, 7G, Linux Mint 21.1 Vera
Time: Wed Jul 12 17:35:41 2023 WAT elapsed time: 70 seconds (0d 0h 1m 10s)

---------------  T H R E A D  ---------------

Current thread (0x00007fa96868f000):  JavaThread "Thread-0" [_thread_in_Java, id=29331, stack(0x00007fa941900000,0x00007fa941a00000)]

Stack: [0x00007fa941900000,0x00007fa941a00000],  sp=0x00007fa9419fdda0,  free space=1015k
Native frames: (J=compiled Java code, A=aot compiled Java code, j=interpreted, Vv=VM code, C=native code)
J 767 c2 java.lang.AbstractStringBuilder.append(Ljava/lang/String;)Ljava/lang/AbstractStringBuilder; java.base@11 (45 bytes) @ 0x00007fa95874cef4 [0x00007fa95874cec0+0x0000000000000034]
J 4093 c1 com.github.jknack.handlebars.internal.MustacheSpec.enterSpaces(Lcom/github/jknack/handlebars/internal/HbsParser$SpacesContext;)V (37 bytes) @ 0x00007fa951a3a55c [0x00007fa951a3a220+0x000000000000033c]
J 4094 c1 com.github.jknack.handlebars.internal.HbsParser$SpacesContext.enterRule(Lcom/github/jknack/handlebars/internal/antlr/tree/ParseTreeListener;)V (18 bytes) @ 0x00007fa951a3af1c [0x00007fa951a3abe0+0x000000000000033c]
J 3187 c2 com.github.jknack.handlebars.internal.antlr.tree.ParseTreeWalker.walk(Lcom/github/jknack/handlebars/internal/antlr/tree/ParseTreeListener;Lcom/github/jknack/handlebars/internal/antlr/tree/ParseTree;)V (91 bytes) @ 0x00007fa95884c620 [0x00007fa95884c2c0+0x0000000000000360]
J 3187 c2 com.github.jknack.handlebars.internal.antlr.tree.ParseTreeWalker.walk(Lcom/github/jknack/handlebars/internal/antlr/tree/ParseTreeListener;Lcom/github/jknack/handlebars/internal/antlr/tree/ParseTree;)V (91 bytes) @ 0x00007fa95884c674 [0x00007fa95884c2c0+0x00000000000003b4]
J 3187 c2 com.github.jknack.handlebars.internal.antlr.tree.ParseTreeWalker.walk(Lcom/github/jknack/handlebars/internal/antlr/tree/ParseTreeListener;Lcom/github/jknack/handlebars/internal/antlr/tree/ParseTree;)V (91 bytes) @ 0x00007fa95884c674 [0x00007fa95884c2c0+0x00000000000003b4]
J 3187 c2 com.github.jknack.handlebars.internal.antlr.tree.ParseTreeWalker.walk(Lcom/github/jknack/handlebars/internal/antlr/tree/ParseTreeListener;Lcom/github/jknack/handlebars/internal/antlr/tree/ParseTree;)V (91 bytes) @ 0x00007fa95884c674 [0x00007fa95884c2c0+0x00000000000003b4]
J 3187 c2 com.github.jknack.handlebars.internal.antlr.tree.ParseTreeWalker.walk(Lcom/github/jknack/handlebars/internal/antlr/tree/ParseTreeListener;Lcom/github/jknack/handlebars/internal/antlr/tree/ParseTree;)V (91 bytes) @ 0x00007fa95884c674 [0x00007fa95884c2c0+0x00000000000003b4]
J 3187 c2 com.github.jknack.handlebars.internal.antlr.tree.ParseTreeWalker.walk(Lcom/github/jknack/handlebars/internal/antlr/tree/ParseTreeListener;Lcom/github/jknack/handlebars/internal/antlr/tree/ParseTree;)V (91 bytes) @ 0x00007fa95884c674 [0x00007fa95884c2c0+0x00000000000003b4]
J 3187 c2 com.github.jknack.handlebars.internal.antlr.tree.ParseTreeWalker.walk(Lcom/github/jknack/handlebars/internal/antlr/tree/ParseTreeListener;Lcom/github/jknack/handlebars/internal/antlr/tree/ParseTree;)V (91 bytes) @ 0x00007fa95884c674 [0x00007fa95884c2c0+0x00000000000003b4]
J 3187 c2 com.github.jknack.handlebars.internal.antlr.tree.ParseTreeWalker.walk(Lcom/github/jknack/handlebars/internal/antlr/tree/ParseTreeListener;Lcom/github/jknack/handlebars/internal/antlr/tree/ParseTree;)V (91 bytes) @ 0x00007fa95884c674 [0x00007fa95884c2c0+0x00000000000003b4]
J 3499 c1 com.github.jknack.handlebars.internal.HbsParserFactory$1.parse(Lcom/github/jknack/handlebars/io/TemplateSource;)Lcom/github/jknack/handlebars/Template; (249 bytes) @ 0x00007fa951913054 [0x00007fa951912600+0x0000000000000a54]
J 3411 c1 com.github.jknack.handlebars.Handlebars.compile(Lcom/github/jknack/handlebars/io/TemplateSource;Ljava/lang/String;Ljava/lang/String;)Lcom/github/jknack/handlebars/Template; (65 bytes) @ 0x00007fa9518d244c [0x00007fa9518d1e80+0x00000000000005cc]
j  com.github.jknack.handlebars.Handlebars.compile(Ljava/lang/String;Ljava/lang/String;Ljava/lang/String;)Lcom/github/jknack/handlebars/Template;+13
j  com.github.jknack.handlebars.Handlebars.compile(Ljava/lang/String;)Lcom/github/jknack/handlebars/Template;+10
j  io.swagger.codegen.v3.templates.HandlebarTemplateEngine.getHandlebars(Ljava/lang/String;)Lcom/github/jknack/handlebars/Template;+183
J 3728 c1 io.swagger.codegen.v3.DefaultGenerator.processTemplateToFile(Ljava/util/Map;Ljava/lang/String;Ljava/lang/String;)Ljava/io/File; (121 bytes) @ 0x00007fa951973a74 [0x00007fa951973640+0x0000000000000434]
j  io.swagger.codegen.v3.DefaultGenerator.generateApis(Ljava/util/List;Ljava/util/List;Ljava/util/List;)V+755
j  io.swagger.codegen.v3.DefaultGenerator.generate()Ljava/util/List;+78
j  io.swagger.codegen.v3.cli.cmd.Generate.run()V+768
j  java.lang.Thread.run()V+11 java.base@11
v  ~StubRoutines::call_stub
V  [libjvm.so+0x8b0e09]  JavaCalls::call_helper(JavaValue*, methodHandle const&, JavaCallArguments*, Thread*)+0x3b9
V  [libjvm.so+0x8aef5d]  JavaCalls::call_virtual(JavaValue*, Handle, Klass*, Symbol*, Symbol*, Thread*)+0x1cd
V  [libjvm.so+0x958aec]  thread_entry(JavaThread*, Thread*)+0x6c
V  [libjvm.so+0xdf2dcd]  JavaThread::thread_main_inner()+0x21d
V  [libjvm.so+0xdf3177]  JavaThread::run()+0x377
V  [libjvm.so+0xc387d0]  thread_native_entry(Thread*)+0xf0


siginfo: si_signo: 11 (SIGSEGV), si_code: 1 (SEGV_MAPERR), si_addr: 0x000000000008000c

Register to memory mapping:

RAX=0x0000000000080000 is an unknown value
RBX=0x000000009363c040 is an oop
java.lang.StringBuilder 
{0x000000009363c040} - klass: 'java/lang/StringBuilder'
RCX=0x0000000080000001 is an unknown value
RDX=0x0000000000080000 is an unknown value
RSP=0x00007fa9419fdda0 is pointing into the stack for thread: 0x00007fa96868f000
RBP=0x00000001002ba4f0 is pointing into metadata
RSI=0x000000009363c040 is an oop
java.lang.StringBuilder 
{0x000000009363c040} - klass: 'java/lang/StringBuilder'
RDI=0x00007fa9419fdcf0 is pointing into the stack for thread: 0x00007fa96868f000
R8 =0x00007fa91c05e6f0 points into unknown readable memory
R9 =0x0 is NULL
R10=0x000000009363c040 is an oop
java.lang.StringBuilder 
{0x000000009363c040} - klass: 'java/lang/StringBuilder'
R11=0x501ff713ccccac87 is an unknown value
R12=0x0 is NULL
R13=0x00007fa951a3a4f4 is at entry_point+724 in (nmethod*)0x00007fa951a3a010
R14=0x00007fa9419fddf8 is pointing into the stack for thread: 0x00007fa96868f000
R15=0x00007fa96868f000 is a thread


Registers:
RAX=0x0000000000080000, RBX=0x000000009363c040, RCX=0x0000000080000001, RDX=0x0000000000080000
RSP=0x00007fa9419fdda0, RBP=0x00000001002ba4f0, RSI=0x000000009363c040, RDI=0x00007fa9419fdcf0
R8 =0x00007fa91c05e6f0, R9 =0x0000000000000000, R10=0x000000009363c040, R11=0x501ff713ccccac87
R12=0x0000000000000000, R13=0x00007fa951a3a4f4, R14=0x00007fa9419fddf8, R15=0x00007fa96868f000
RIP=0x00007fa95874cef4, EFLAGS=0x0000000000010206, CSGSFS=0x002b000000000033, ERR=0x0000000000000004
  TRAPNO=0x000000000000000e

Top of Stack: (sp=0x00007fa9419fdda0)
0x00007fa9419fdda0:   00007fa9419fddf8 00007fa9415db760
0x00007fa9419fddb0:   00007fa941653ae8 0000000092538e58
0x00007fa9419fddc0:   00007fa9415da900 0000000000000000
0x00007fa9419fddd0:   00007fa9419fde00 0000000000080000 

Instructions: (pc=0x00007fa95874cef4)
0x00007fa95874ced4:   66 0f 1f 44 00 00 66 0f 1f 44 00 00 89 84 24 00
0x00007fa95874cee4:   c0 fe ff 55 48 83 ec 50 4c 8b d6 48 89 54 24 38
0x00007fa95874cef4:   8b 52 0c 44 8b 4a 0c 4c 8b f6 44 8b 56 14 41 8b
0x00007fa95874cf04:   72 0c 41 0f be 7e 10 4c 8b 5c 24 38 45 0f be 43 



---------------  P R O C E S S  ---------------

Threads class SMR info:
_java_thread_list=0x00007fa910001180, length=10, elements={
0x00007fa9681a1800, 0x00007fa9681a6000, 0x00007fa9681b8800, 0x00007fa9681ba800,
0x00007fa9681bc800, 0x00007fa9681be800, 0x00007fa968245800, 0x00007fa968251000,
0x00007fa96868f000, 0x00007fa968010000
}

Java Threads: ( => current thread )
  0x00007fa9681a1800 JavaThread "Reference Handler" daemon [_thread_blocked, id=29298, stack(0x00007fa96c720000,0x00007fa96c820000)]
  0x00007fa9681a6000 JavaThread "Finalizer" daemon [_thread_blocked, id=29299, stack(0x00007fa96c620000,0x00007fa96c720000)]
  0x00007fa9681b8800 JavaThread "Signal Dispatcher" daemon [_thread_blocked, id=29300, stack(0x00007fa950b57000,0x00007fa950c57000)]
  0x00007fa9681ba800 JavaThread "C2 CompilerThread0" daemon [_thread_blocked, id=29301, stack(0x00007fa950a57000,0x00007fa950b57000)]
  0x00007fa9681bc800 JavaThread "C1 CompilerThread0" daemon [_thread_blocked, id=29302, stack(0x00007fa950957000,0x00007fa950a57000)]
  0x00007fa9681be800 JavaThread "Sweeper thread" daemon [_thread_blocked, id=29303, stack(0x00007fa950857000,0x00007fa950957000)]
  0x00007fa968245800 JavaThread "Service Thread" daemon [_thread_blocked, id=29304, stack(0x00007fa950757000,0x00007fa950857000)]
  0x00007fa968251000 JavaThread "Common-Cleaner" daemon [_thread_blocked, id=29306, stack(0x00007fa950555000,0x00007fa950655000)]
=>0x00007fa96868f000 JavaThread "Thread-0" [_thread_in_Java, id=29331, stack(0x00007fa941900000,0x00007fa941a00000)]
  0x00007fa968010000 JavaThread "DestroyJavaVM" [_thread_blocked, id=29291, stack(0x00007fa96f100000,0x00007fa96f200000)]

Other Threads:
  0x00007fa968199800 VMThread "VM Thread" [stack: 0x00007fa96c822000,0x00007fa96c922000] [id=29297] _threads_hazard_ptr=0x00007fa910001180
  0x00007fa968248000 WatcherThread [stack: 0x00007fa950657000,0x00007fa950757000] [id=29305]
  0x00007fa968039000 GCTaskThread "GC Thread#0" [stack: 0x00007fa96ed00000,0x00007fa96ee00000] [id=29292]
  0x00007fa934001000 GCTaskThread "GC Thread#1" [stack: 0x00007fa950455000,0x00007fa950555000] [id=29319]
  0x00007fa968067000 ConcurrentGCThread "G1 Main Marker" [stack: 0x00007fa96d62c000,0x00007fa96d72c000] [id=29293]
  0x00007fa968069000 ConcurrentGCThread "G1 Conc#0" [stack: 0x00007fa96d52a000,0x00007fa96d62a000] [id=29294]
  0x00007fa9680d1800 ConcurrentGCThread "G1 Refine#0" [stack: 0x00007fa96d226000,0x00007fa96d326000] [id=29295]
  0x00007fa9680d3800 ConcurrentGCThread "G1 Young RemSet Sampling" [stack: 0x00007fa96d124000,0x00007fa96d224000] [id=29296]

Threads with active compile tasks:
C2 CompilerThread04188       4       com.github.jknack.handlebars.internal.path.PropertyPath::eval (21 bytes)

VM state:synchronizing (normal execution)

VM Mutex/Monitor currently owned by a thread:  ([mutex/lock_event])
[0x00007fa96800e180] Safepoint_lock - owner thread: 0x00007fa968199800
[0x00007fa96800e210] Threads_lock - owner thread: 0x00007fa968199800

Heap address: 0x000000008c800000, size: 1848 MB, Compressed Oops mode: 32-bit
Narrow klass base: 0x0000000000000000, Narrow klass shift: 3
Compressed class space size: 1073741824 Address: 0x0000000100000000

Heap:
 garbage-first heap   total 224256K, used 123953K [0x000000008c800000, 0x0000000100000000)
  region size 1024K, 116 young (118784K), 7 survivors (7168K)
 Metaspace       used 27806K, capacity 28265K, committed 28464K, reserved 1075200K
  class space    used 2824K, capacity 3008K, committed 3120K, reserved 1048576K
Heap Regions: E=young(eden), S=young(survivor), O=old, HS=humongous(starts), HC=humongous(continues), CS=collection set, F=free, A=archive, TAMS=top-at-mark-start (previous, next)
|   0|0x000000008c800000, 0x000000008c900000, 0x000000008c900000|100%| O|  |TAMS 0x000000008c8fd200, 0x000000008c800000| Untracked 
|   1|0x000000008c900000, 0x000000008c98c800, 0x000000008ca00000| 54%| O|  |TAMS 0x000000008c900000, 0x000000008c900000| Untracked 
|   2|0x000000008ca00000, 0x000000008cb00000, 0x000000008cb00000|100%|HS|  |TAMS 0x000000008cb00000, 0x000000008ca00000| Complete 
|   3|0x000000008cb00000, 0x000000008cc00000, 0x000000008cc00000|100%|HC|  |TAMS 0x000000008cc00000, 0x000000008cb00000| Complete 
|   4|0x000000008cc00000, 0x000000008cd00000, 0x000000008cd00000|100%| O|  |TAMS 0x000000008cd00000, 0x000000008cc00000| Untracked 
|   5|0x000000008cd00000, 0x000000008cd00000, 0x000000008ce00000|  0%| F|  |TAMS 0x000000008cd00000, 0x000000008cd00000| Untracked 
|   6|0x000000008ce00000, 0x000000008ce00000, 0x000000008cf00000|  0%| F|  |TAMS 0x000000008ce00000, 0x000000008ce00000| Untracked 
|   7|0x000000008cf00000, 0x000000008d000000, 0x000000008d000000|100%|HS|  |TAMS 0x000000008cf00000, 0x000000008cf00000| Complete 
|   8|0x000000008d000000, 0x000000008d000000, 0x000000008d100000|  0%| F|  |TAMS 0x000000008d000000, 0x000000008d000000| Untracked 
|   9|0x000000008d100000, 0x000000008d100000, 0x000000008d200000|  0%| F|  |TAMS 0x000000008d100000, 0x000000008d100000| Untracked 
|  10|0x000000008d200000, 0x000000008d200000, 0x000000008d300000|  0%| F|  |TAMS 0x000000008d200000, 0x000000008d200000| Untracked 
|  11|0x000000008d300000, 0x000000008d300000, 0x000000008d400000|  0%| F|  |TAMS 0x000000008d300000, 0x000000008d300000| Untracked 
|  12|0x000000008d400000, 0x000000008d500000, 0x000000008d500000|100%| O|  |TAMS 0x000000008d400000, 0x000000008d400000| Untracked 
|  13|0x000000008d500000, 0x000000008d500000, 0x000000008d600000|  0%| F|  |TAMS 0x000000008d500000, 0x000000008d500000| Untracked 
|  14|0x000000008d600000, 0x000000008d600000, 0x000000008d700000|  0%| F|  |TAMS 0x000000008d600000, 0x000000008d600000| Untracked 
|  15|0x000000008d700000, 0x000000008d700000, 0x000000008d800000|  0%| F|  |TAMS 0x000000008d700000, 0x000000008d700000| Untracked 
|  16|0x000000008d800000, 0x000000008d800000, 0x000000008d900000|  0%| F|  |TAMS 0x000000008d800000, 0x000000008d800000| Untracked 
|  17|0x000000008d900000, 0x000000008d900000, 0x000000008da00000|  0%| F|  |TAMS 0x000000008d900000, 0x000000008d900000| Untracked 
|  18|0x000000008da00000, 0x000000008da00000, 0x000000008db00000|  0%| F|  |TAMS 0x000000008da00000, 0x000000008da00000| Untracked 
|  19|0x000000008db00000, 0x000000008db00000, 0x000000008dc00000|  0%| F|  |TAMS 0x000000008db00000, 0x000000008db00000| Untracked 
|  20|0x000000008dc00000, 0x000000008dc00000, 0x000000008dd00000|  0%| F|  |TAMS 0x000000008dc00000, 0x000000008dc00000| Untracked 
|  21|0x000000008dd00000, 0x000000008dd00000, 0x000000008de00000|  0%| F|  |TAMS 0x000000008dd00000, 0x000000008dd00000| Untracked 
|  22|0x000000008de00000, 0x000000008de00000, 0x000000008df00000|  0%| F|  |TAMS 0x000000008de00000, 0x000000008de00000| Untracked 
|  23|0x000000008df00000, 0x000000008df00000, 0x000000008e000000|  0%| F|  |TAMS 0x000000008df00000, 0x000000008df00000| Untracked 
|  24|0x000000008e000000, 0x000000008e000000, 0x000000008e100000|  0%| F|  |TAMS 0x000000008e000000, 0x000000008e000000| Untracked 
|  25|0x000000008e100000, 0x000000008e100000, 0x000000008e200000|  0%| F|  |TAMS 0x000000008e100000, 0x000000008e100000| Untracked 
|  26|0x000000008e200000, 0x000000008e200000, 0x000000008e300000|  0%| F|  |TAMS 0x000000008e200000, 0x000000008e200000| Untracked 
|  27|0x000000008e300000, 0x000000008e300000, 0x000000008e400000|  0%| F|  |TAMS 0x000000008e300000, 0x000000008e300000| Untracked 
|  28|0x000000008e400000, 0x000000008e400000, 0x000000008e500000|  0%| F|  |TAMS 0x000000008e400000, 0x000000008e400000| Untracked 
|  29|0x000000008e500000, 0x000000008e500000, 0x000000008e600000|  0%| F|  |TAMS 0x000000008e500000, 0x000000008e500000| Untracked 
|  30|0x000000008e600000, 0x000000008e600000, 0x000000008e700000|  0%| F|  |TAMS 0x000000008e600000, 0x000000008e600000| Untracked 
|  31|0x000000008e700000, 0x000000008e700000, 0x000000008e800000|  0%| F|  |TAMS 0x000000008e700000, 0x000000008e700000| Untracked 
|  32|0x000000008e800000, 0x000000008e800000, 0x000000008e900000|  0%| F|  |TAMS 0x000000008e800000, 0x000000008e800000| Untracked 
|  33|0x000000008e900000, 0x000000008e900000, 0x000000008ea00000|  0%| F|  |TAMS 0x000000008e900000, 0x000000008e900000| Untracked 
|  34|0x000000008ea00000, 0x000000008ea00000, 0x000000008eb00000|  0%| F|  |TAMS 0x000000008ea00000, 0x000000008ea00000| Untracked 
|  35|0x000000008eb00000, 0x000000008eb00000, 0x000000008ec00000|  0%| F|  |TAMS 0x000000008eb00000, 0x000000008eb00000| Untracked 
|  36|0x000000008ec00000, 0x000000008ec00000, 0x000000008ed00000|  0%| F|  |TAMS 0x000000008ec00000, 0x000000008ec00000| Untracked 
|  37|0x000000008ed00000, 0x000000008ed00000, 0x000000008ee00000|  0%| F|  |TAMS 0x000000008ed00000, 0x000000008ed00000| Untracked 
|  38|0x000000008ee00000, 0x000000008ee00000, 0x000000008ef00000|  0%| F|  |TAMS 0x000000008ee00000, 0x000000008ee00000| Untracked 
|  39|0x000000008ef00000, 0x000000008ef00000, 0x000000008f000000|  0%| F|  |TAMS 0x000000008ef00000, 0x000000008ef00000| Untracked 
|  40|0x000000008f000000, 0x000000008f000000, 0x000000008f100000|  0%| F|  |TAMS 0x000000008f000000, 0x000000008f000000| Untracked 
|  41|0x000000008f100000, 0x000000008f100000, 0x000000008f200000|  0%| F|  |TAMS 0x000000008f100000, 0x000000008f100000| Untracked 
|  42|0x000000008f200000, 0x000000008f200000, 0x000000008f300000|  0%| F|  |TAMS 0x000000008f200000, 0x000000008f200000| Untracked 
|  43|0x000000008f300000, 0x000000008f300000, 0x000000008f400000|  0%| F|  |TAMS 0x000000008f300000, 0x000000008f300000| Untracked 
|  44|0x000000008f400000, 0x000000008f400000, 0x000000008f500000|  0%| F|  |TAMS 0x000000008f400000, 0x000000008f400000| Untracked 
|  45|0x000000008f500000, 0x000000008f500000, 0x000000008f600000|  0%| F|  |TAMS 0x000000008f500000, 0x000000008f500000| Untracked 
|  46|0x000000008f600000, 0x000000008f600000, 0x000000008f700000|  0%| F|  |TAMS 0x000000008f600000, 0x000000008f600000| Untracked 
|  47|0x000000008f700000, 0x000000008f700000, 0x000000008f800000|  0%| F|  |TAMS 0x000000008f700000, 0x000000008f700000| Untracked 
|  48|0x000000008f800000, 0x000000008f800000, 0x000000008f900000|  0%| F|  |TAMS 0x000000008f800000, 0x000000008f800000| Untracked 
|  49|0x000000008f900000, 0x000000008f900000, 0x000000008fa00000|  0%| F|  |TAMS 0x000000008f900000, 0x000000008f900000| Untracked 
|  50|0x000000008fa00000, 0x000000008fa00000, 0x000000008fb00000|  0%| F|  |TAMS 0x000000008fa00000, 0x000000008fa00000| Untracked 
|  51|0x000000008fb00000, 0x000000008fb00000, 0x000000008fc00000|  0%| F|  |TAMS 0x000000008fb00000, 0x000000008fb00000| Untracked 
|  52|0x000000008fc00000, 0x000000008fc00000, 0x000000008fd00000|  0%| F|  |TAMS 0x000000008fc00000, 0x000000008fc00000| Untracked 
|  53|0x000000008fd00000, 0x000000008fd00000, 0x000000008fe00000|  0%| F|  |TAMS 0x000000008fd00000, 0x000000008fd00000| Untracked 
|  54|0x000000008fe00000, 0x000000008fe00000, 0x000000008ff00000|  0%| F|  |TAMS 0x000000008fe00000, 0x000000008fe00000| Untracked 
|  55|0x000000008ff00000, 0x000000008ff00000, 0x0000000090000000|  0%| F|  |TAMS 0x000000008ff00000, 0x000000008ff00000| Untracked 
|  56|0x0000000090000000, 0x0000000090000000, 0x0000000090100000|  0%| F|  |TAMS 0x0000000090000000, 0x0000000090000000| Untracked 
|  57|0x0000000090100000, 0x0000000090100000, 0x0000000090200000|  0%| F|  |TAMS 0x0000000090100000, 0x0000000090100000| Untracked 
|  58|0x0000000090200000, 0x0000000090200000, 0x0000000090300000|  0%| F|  |TAMS 0x0000000090200000, 0x0000000090200000| Untracked 
|  59|0x0000000090300000, 0x0000000090300000, 0x0000000090400000|  0%| F|  |TAMS 0x0000000090300000, 0x0000000090300000| Untracked 
|  60|0x0000000090400000, 0x0000000090400000, 0x0000000090500000|  0%| F|  |TAMS 0x0000000090400000, 0x0000000090400000| Untracked 
|  61|0x0000000090500000, 0x0000000090500000, 0x0000000090600000|  0%| F|  |TAMS 0x0000000090500000, 0x0000000090500000| Untracked 
|  62|0x0000000090600000, 0x0000000090600000, 0x0000000090700000|  0%| F|  |TAMS 0x0000000090600000, 0x0000000090600000| Untracked 
|  63|0x0000000090700000, 0x0000000090700000, 0x0000000090800000|  0%| F|  |TAMS 0x0000000090700000, 0x0000000090700000| Untracked 
|  64|0x0000000090800000, 0x0000000090800000, 0x0000000090900000|  0%| F|  |TAMS 0x0000000090800000, 0x0000000090800000| Untracked 
|  65|0x0000000090900000, 0x0000000090900000, 0x0000000090a00000|  0%| F|  |TAMS 0x0000000090900000, 0x0000000090900000| Untracked 
|  66|0x0000000090a00000, 0x0000000090a00000, 0x0000000090b00000|  0%| F|  |TAMS 0x0000000090a00000, 0x0000000090a00000| Untracked 
|  67|0x0000000090b00000, 0x0000000090b00000, 0x0000000090c00000|  0%| F|  |TAMS 0x0000000090b00000, 0x0000000090b00000| Untracked 
|  68|0x0000000090c00000, 0x0000000090c00000, 0x0000000090d00000|  0%| F|  |TAMS 0x0000000090c00000, 0x0000000090c00000| Untracked 
|  69|0x0000000090d00000, 0x0000000090d00000, 0x0000000090e00000|  0%| F|  |TAMS 0x0000000090d00000, 0x0000000090d00000| Untracked 
|  70|0x0000000090e00000, 0x0000000090e00000, 0x0000000090f00000|  0%| F|  |TAMS 0x0000000090e00000, 0x0000000090e00000| Untracked 
|  71|0x0000000090f00000, 0x0000000090f00000, 0x0000000091000000|  0%| F|  |TAMS 0x0000000090f00000, 0x0000000090f00000| Untracked 
|  72|0x0000000091000000, 0x0000000091000000, 0x0000000091100000|  0%| F|  |TAMS 0x0000000091000000, 0x0000000091000000| Untracked 
|  73|0x0000000091100000, 0x0000000091100000, 0x0000000091200000|  0%| F|  |TAMS 0x0000000091100000, 0x0000000091100000| Untracked 
|  74|0x0000000091200000, 0x0000000091200000, 0x0000000091300000|  0%| F|  |TAMS 0x0000000091200000, 0x0000000091200000| Untracked 
|  75|0x0000000091300000, 0x0000000091300000, 0x0000000091400000|  0%| F|  |TAMS 0x0000000091300000, 0x0000000091300000| Untracked 
|  76|0x0000000091400000, 0x0000000091400000, 0x0000000091500000|  0%| F|  |TAMS 0x0000000091400000, 0x0000000091400000| Untracked 
|  77|0x0000000091500000, 0x0000000091500000, 0x0000000091600000|  0%| F|  |TAMS 0x0000000091500000, 0x0000000091500000| Untracked 
|  78|0x0000000091600000, 0x0000000091600000, 0x0000000091700000|  0%| F|  |TAMS 0x0000000091600000, 0x0000000091600000| Untracked 
|  79|0x0000000091700000, 0x0000000091700000, 0x0000000091800000|  0%| F|  |TAMS 0x0000000091700000, 0x0000000091700000| Untracked 
|  80|0x0000000091800000, 0x0000000091800000, 0x0000000091900000|  0%| F|  |TAMS 0x0000000091800000, 0x0000000091800000| Untracked 
|  81|0x0000000091900000, 0x000000009197fe00, 0x0000000091a00000| 49%| S|CS|TAMS 0x0000000091900000, 0x0000000091900000| Complete 
|  82|0x0000000091a00000, 0x0000000091a00000, 0x0000000091b00000|  0%| F|  |TAMS 0x0000000091a00000, 0x0000000091a00000| Untracked 
|  83|0x0000000091b00000, 0x0000000091b00000, 0x0000000091c00000|  0%| F|  |TAMS 0x0000000091b00000, 0x0000000091b00000| Untracked 
|  84|0x0000000091c00000, 0x0000000091c00000, 0x0000000091d00000|  0%| F|  |TAMS 0x0000000091c00000, 0x0000000091c00000| Untracked 
|  85|0x0000000091d00000, 0x0000000091d00000, 0x0000000091e00000|  0%| F|  |TAMS 0x0000000091d00000, 0x0000000091d00000| Untracked 
|  86|0x0000000091e00000, 0x0000000091e00000, 0x0000000091f00000|  0%| F|  |TAMS 0x0000000091e00000, 0x0000000091e00000| Untracked 
|  87|0x0000000091f00000, 0x0000000091f00000, 0x0000000092000000|  0%| F|  |TAMS 0x0000000091f00000, 0x0000000091f00000| Untracked 
|  88|0x0000000092000000, 0x0000000092100000, 0x0000000092100000|100%| S|CS|TAMS 0x0000000092000000, 0x0000000092000000| Complete 
|  89|0x0000000092100000, 0x0000000092200000, 0x0000000092200000|100%| S|CS|TAMS 0x0000000092100000, 0x0000000092100000| Complete 
|  90|0x0000000092200000, 0x0000000092300000, 0x0000000092300000|100%| S|CS|TAMS 0x0000000092200000, 0x0000000092200000| Complete 
|  91|0x0000000092300000, 0x0000000092400000, 0x0000000092400000|100%| S|CS|TAMS 0x0000000092300000, 0x0000000092300000| Complete 
|  92|0x0000000092400000, 0x0000000092500000, 0x0000000092500000|100%| S|CS|TAMS 0x0000000092400000, 0x0000000092400000| Complete 
|  93|0x0000000092500000, 0x0000000092600000, 0x0000000092600000|100%| S|CS|TAMS 0x0000000092500000, 0x0000000092500000| Complete 
|  94|0x0000000092600000, 0x0000000092600000, 0x0000000092700000|  0%| F|  |TAMS 0x0000000092600000, 0x0000000092600000| Untracked 
|  95|0x0000000092700000, 0x0000000092700000, 0x0000000092800000|  0%| F|  |TAMS 0x0000000092700000, 0x0000000092700000| Untracked 
|  96|0x0000000092800000, 0x0000000092800000, 0x0000000092900000|  0%| F|  |TAMS 0x0000000092800000, 0x0000000092800000| Untracked 
|  97|0x0000000092900000, 0x0000000092900000, 0x0000000092a00000|  0%| F|  |TAMS 0x0000000092900000, 0x0000000092900000| Untracked 
|  98|0x0000000092a00000, 0x0000000092a00000, 0x0000000092b00000|  0%| F|  |TAMS 0x0000000092a00000, 0x0000000092a00000| Untracked 
|  99|0x0000000092b00000, 0x0000000092b00000, 0x0000000092c00000|  0%| F|  |TAMS 0x0000000092b00000, 0x0000000092b00000| Untracked 
| 100|0x0000000092c00000, 0x0000000092c00000, 0x0000000092d00000|  0%| F|  |TAMS 0x0000000092c00000, 0x0000000092c00000| Untracked 
| 101|0x0000000092d00000, 0x0000000092d00000, 0x0000000092e00000|  0%| F|  |TAMS 0x0000000092d00000, 0x0000000092d00000| Untracked 
| 102|0x0000000092e00000, 0x0000000092e00000, 0x0000000092f00000|  0%| F|  |TAMS 0x0000000092e00000, 0x0000000092e00000| Untracked 
| 103|0x0000000092f00000, 0x0000000092f00000, 0x0000000093000000|  0%| F|  |TAMS 0x0000000092f00000, 0x0000000092f00000| Untracked 
| 104|0x0000000093000000, 0x0000000093000000, 0x0000000093100000|  0%| F|  |TAMS 0x0000000093000000, 0x0000000093000000| Untracked 
| 105|0x0000000093100000, 0x0000000093100000, 0x0000000093200000|  0%| F|  |TAMS 0x0000000093100000, 0x0000000093100000| Untracked 
| 106|0x0000000093200000, 0x0000000093200000, 0x0000000093300000|  0%| F|  |TAMS 0x0000000093200000, 0x0000000093200000| Untracked 
| 107|0x0000000093300000, 0x0000000093300000, 0x0000000093400000|  0%| F|  |TAMS 0x0000000093300000, 0x0000000093300000| Untracked 
| 108|0x0000000093400000, 0x0000000093400000, 0x0000000093500000|  0%| F|  |TAMS 0x0000000093400000, 0x0000000093400000| Untracked 
| 109|0x0000000093500000, 0x0000000093500000, 0x0000000093600000|  0%| F|  |TAMS 0x0000000093500000, 0x0000000093500000| Untracked 
| 110|0x0000000093600000, 0x0000000093680800, 0x0000000093700000| 50%| E|  |TAMS 0x0000000093600000, 0x0000000093600000| Complete 
| 111|0x0000000093700000, 0x0000000093800000, 0x0000000093800000|100%| E|CS|TAMS 0x0000000093700000, 0x0000000093700000| Complete 
| 112|0x0000000093800000, 0x0000000093900000, 0x0000000093900000|100%| E|CS|TAMS 0x0000000093800000, 0x0000000093800000| Complete 
| 113|0x0000000093900000, 0x0000000093a00000, 0x0000000093a00000|100%| E|CS|TAMS 0x0000000093900000, 0x0000000093900000| Complete 
| 114|0x0000000093a00000, 0x0000000093b00000, 0x0000000093b00000|100%| E|CS|TAMS 0x0000000093a00000, 0x0000000093a00000| Complete 
| 115|0x0000000093b00000, 0x0000000093c00000, 0x0000000093c00000|100%| E|CS|TAMS 0x0000000093b00000, 0x0000000093b00000| Complete 
| 116|0x0000000093c00000, 0x0000000093d00000, 0x0000000093d00000|100%| E|CS|TAMS 0x0000000093c00000, 0x0000000093c00000| Complete 
| 117|0x0000000093d00000, 0x0000000093e00000, 0x0000000093e00000|100%| E|CS|TAMS 0x0000000093d00000, 0x0000000093d00000| Complete 
| 118|0x0000000093e00000, 0x0000000093f00000, 0x0000000093f00000|100%| E|CS|TAMS 0x0000000093e00000, 0x0000000093e00000| Complete 
| 119|0x0000000093f00000, 0x0000000094000000, 0x0000000094000000|100%| E|CS|TAMS 0x0000000093f00000, 0x0000000093f00000| Complete 
| 120|0x0000000094000000, 0x0000000094100000, 0x0000000094100000|100%| E|CS|TAMS 0x0000000094000000, 0x0000000094000000| Complete 
| 121|0x0000000094100000, 0x0000000094200000, 0x0000000094200000|100%| E|CS|TAMS 0x0000000094100000, 0x0000000094100000| Complete 
| 122|0x0000000094200000, 0x0000000094300000, 0x0000000094300000|100%| E|CS|TAMS 0x0000000094200000, 0x0000000094200000| Complete 
| 123|0x0000000094300000, 0x0000000094400000, 0x0000000094400000|100%| E|CS|TAMS 0x0000000094300000, 0x0000000094300000| Complete 
| 124|0x0000000094400000, 0x0000000094500000, 0x0000000094500000|100%| E|CS|TAMS 0x0000000094400000, 0x0000000094400000| Complete 
| 125|0x0000000094500000, 0x0000000094600000, 0x0000000094600000|100%| E|CS|TAMS 0x0000000094500000, 0x0000000094500000| Complete 
| 126|0x0000000094600000, 0x0000000094700000, 0x0000000094700000|100%| E|CS|TAMS 0x0000000094600000, 0x0000000094600000| Complete 
| 127|0x0000000094700000, 0x0000000094800000, 0x0000000094800000|100%| E|CS|TAMS 0x0000000094700000, 0x0000000094700000| Complete 
| 128|0x0000000094800000, 0x0000000094900000, 0x0000000094900000|100%| E|CS|TAMS 0x0000000094800000, 0x0000000094800000| Complete 
| 129|0x0000000094900000, 0x0000000094a00000, 0x0000000094a00000|100%| E|CS|TAMS 0x0000000094900000, 0x0000000094900000| Complete 
| 130|0x0000000094a00000, 0x0000000094b00000, 0x0000000094b00000|100%| E|CS|TAMS 0x0000000094a00000, 0x0000000094a00000| Complete 
| 131|0x0000000094b00000, 0x0000000094c00000, 0x0000000094c00000|100%| E|CS|TAMS 0x0000000094b00000, 0x0000000094b00000| Complete 
| 132|0x0000000094c00000, 0x0000000094d00000, 0x0000000094d00000|100%| E|CS|TAMS 0x0000000094c00000, 0x0000000094c00000| Complete 
| 133|0x0000000094d00000, 0x0000000094e00000, 0x0000000094e00000|100%| E|CS|TAMS 0x0000000094d00000, 0x0000000094d00000| Complete 
| 134|0x0000000094e00000, 0x0000000094f00000, 0x0000000094f00000|100%| E|CS|TAMS 0x0000000094e00000, 0x0000000094e00000| Complete 
| 135|0x0000000094f00000, 0x0000000095000000, 0x0000000095000000|100%| E|CS|TAMS 0x0000000094f00000, 0x0000000094f00000| Complete 
| 136|0x0000000095000000, 0x0000000095100000, 0x0000000095100000|100%| E|CS|TAMS 0x0000000095000000, 0x0000000095000000| Complete 
| 137|0x0000000095100000, 0x0000000095200000, 0x0000000095200000|100%| E|CS|TAMS 0x0000000095100000, 0x0000000095100000| Complete 
| 138|0x0000000095200000, 0x0000000095300000, 0x0000000095300000|100%| E|CS|TAMS 0x0000000095200000, 0x0000000095200000| Complete 
| 139|0x0000000095300000, 0x0000000095400000, 0x0000000095400000|100%| E|CS|TAMS 0x0000000095300000, 0x0000000095300000| Complete 
| 140|0x0000000095400000, 0x0000000095500000, 0x0000000095500000|100%| E|CS|TAMS 0x0000000095400000, 0x0000000095400000| Complete 
| 141|0x0000000095500000, 0x0000000095600000, 0x0000000095600000|100%| E|CS|TAMS 0x0000000095500000, 0x0000000095500000| Complete 
| 142|0x0000000095600000, 0x0000000095700000, 0x0000000095700000|100%| E|CS|TAMS 0x0000000095600000, 0x0000000095600000| Complete 
| 143|0x0000000095700000, 0x0000000095800000, 0x0000000095800000|100%| E|CS|TAMS 0x0000000095700000, 0x0000000095700000| Complete 
| 144|0x0000000095800000, 0x0000000095900000, 0x0000000095900000|100%| E|CS|TAMS 0x0000000095800000, 0x0000000095800000| Complete 
| 145|0x0000000095900000, 0x0000000095a00000, 0x0000000095a00000|100%| E|CS|TAMS 0x0000000095900000, 0x0000000095900000| Complete 
| 146|0x0000000095a00000, 0x0000000095b00000, 0x0000000095b00000|100%| E|CS|TAMS 0x0000000095a00000, 0x0000000095a00000| Complete 
| 147|0x0000000095b00000, 0x0000000095c00000, 0x0000000095c00000|100%| E|CS|TAMS 0x0000000095b00000, 0x0000000095b00000| Complete 
| 148|0x0000000095c00000, 0x0000000095d00000, 0x0000000095d00000|100%| E|CS|TAMS 0x0000000095c00000, 0x0000000095c00000| Complete 
| 149|0x0000000095d00000, 0x0000000095e00000, 0x0000000095e00000|100%| E|CS|TAMS 0x0000000095d00000, 0x0000000095d00000| Complete 
| 150|0x0000000095e00000, 0x0000000095f00000, 0x0000000095f00000|100%| E|CS|TAMS 0x0000000095e00000, 0x0000000095e00000| Complete 
| 151|0x0000000095f00000, 0x0000000096000000, 0x0000000096000000|100%| E|CS|TAMS 0x0000000095f00000, 0x0000000095f00000| Complete 
| 152|0x0000000096000000, 0x0000000096100000, 0x0000000096100000|100%| E|CS|TAMS 0x0000000096000000, 0x0000000096000000| Complete 
| 153|0x0000000096100000, 0x0000000096200000, 0x0000000096200000|100%| E|CS|TAMS 0x0000000096100000, 0x0000000096100000| Complete 
| 154|0x0000000096200000, 0x0000000096300000, 0x0000000096300000|100%| E|CS|TAMS 0x0000000096200000, 0x0000000096200000| Complete 
| 155|0x0000000096300000, 0x0000000096400000, 0x0000000096400000|100%| E|CS|TAMS 0x0000000096300000, 0x0000000096300000| Complete 
| 156|0x0000000096400000, 0x0000000096500000, 0x0000000096500000|100%| E|CS|TAMS 0x0000000096400000, 0x0000000096400000| Complete 
| 157|0x0000000096500000, 0x0000000096600000, 0x0000000096600000|100%| E|CS|TAMS 0x0000000096500000, 0x0000000096500000| Complete 
| 158|0x0000000096600000, 0x0000000096700000, 0x0000000096700000|100%| E|CS|TAMS 0x0000000096600000, 0x0000000096600000| Complete 
| 159|0x0000000096700000, 0x0000000096800000, 0x0000000096800000|100%| E|CS|TAMS 0x0000000096700000, 0x0000000096700000| Complete 
| 160|0x0000000096800000, 0x0000000096900000, 0x0000000096900000|100%| E|CS|TAMS 0x0000000096800000, 0x0000000096800000| Complete 
| 161|0x0000000096900000, 0x0000000096a00000, 0x0000000096a00000|100%| E|CS|TAMS 0x0000000096900000, 0x0000000096900000| Complete 
| 162|0x0000000096a00000, 0x0000000096b00000, 0x0000000096b00000|100%| E|CS|TAMS 0x0000000096a00000, 0x0000000096a00000| Complete 
| 163|0x0000000096b00000, 0x0000000096c00000, 0x0000000096c00000|100%| E|CS|TAMS 0x0000000096b00000, 0x0000000096b00000| Complete 
| 164|0x0000000096c00000, 0x0000000096d00000, 0x0000000096d00000|100%| E|CS|TAMS 0x0000000096c00000, 0x0000000096c00000| Complete 
| 165|0x0000000096d00000, 0x0000000096e00000, 0x0000000096e00000|100%| E|CS|TAMS 0x0000000096d00000, 0x0000000096d00000| Complete 
| 166|0x0000000096e00000, 0x0000000096f00000, 0x0000000096f00000|100%| E|CS|TAMS 0x0000000096e00000, 0x0000000096e00000| Complete 
| 167|0x0000000096f00000, 0x0000000097000000, 0x0000000097000000|100%| E|CS|TAMS 0x0000000096f00000, 0x0000000096f00000| Complete 
| 168|0x0000000097000000, 0x0000000097100000, 0x0000000097100000|100%| E|CS|TAMS 0x0000000097000000, 0x0000000097000000| Complete 
| 169|0x0000000097100000, 0x0000000097200000, 0x0000000097200000|100%| E|CS|TAMS 0x0000000097100000, 0x0000000097100000| Complete 
| 170|0x0000000097200000, 0x0000000097300000, 0x0000000097300000|100%| E|CS|TAMS 0x0000000097200000, 0x0000000097200000| Complete 
| 171|0x0000000097300000, 0x0000000097400000, 0x0000000097400000|100%| E|CS|TAMS 0x0000000097300000, 0x0000000097300000| Complete 
| 172|0x0000000097400000, 0x0000000097500000, 0x0000000097500000|100%| E|CS|TAMS 0x0000000097400000, 0x0000000097400000| Complete 
| 173|0x0000000097500000, 0x0000000097600000, 0x0000000097600000|100%| E|CS|TAMS 0x0000000097500000, 0x0000000097500000| Complete 
| 174|0x0000000097600000, 0x0000000097700000, 0x0000000097700000|100%| E|CS|TAMS 0x0000000097600000, 0x0000000097600000| Complete 
| 175|0x0000000097700000, 0x0000000097800000, 0x0000000097800000|100%| E|CS|TAMS 0x0000000097700000, 0x0000000097700000| Complete 
| 176|0x0000000097800000, 0x0000000097900000, 0x0000000097900000|100%| E|CS|TAMS 0x0000000097800000, 0x0000000097800000| Complete 
| 177|0x0000000097900000, 0x0000000097a00000, 0x0000000097a00000|100%| E|CS|TAMS 0x0000000097900000, 0x0000000097900000| Complete 
| 178|0x0000000097a00000, 0x0000000097b00000, 0x0000000097b00000|100%| E|CS|TAMS 0x0000000097a00000, 0x0000000097a00000| Complete 
| 179|0x0000000097b00000, 0x0000000097c00000, 0x0000000097c00000|100%| E|CS|TAMS 0x0000000097b00000, 0x0000000097b00000| Complete 
| 180|0x0000000097c00000, 0x0000000097d00000, 0x0000000097d00000|100%| E|CS|TAMS 0x0000000097c00000, 0x0000000097c00000| Complete 
| 181|0x0000000097d00000, 0x0000000097e00000, 0x0000000097e00000|100%| E|CS|TAMS 0x0000000097d00000, 0x0000000097d00000| Complete 
| 182|0x0000000097e00000, 0x0000000097f00000, 0x0000000097f00000|100%| E|CS|TAMS 0x0000000097e00000, 0x0000000097e00000| Complete 
| 183|0x0000000097f00000, 0x0000000098000000, 0x0000000098000000|100%| E|CS|TAMS 0x0000000097f00000, 0x0000000097f00000| Complete 
| 184|0x0000000098000000, 0x0000000098100000, 0x0000000098100000|100%| E|CS|TAMS 0x0000000098000000, 0x0000000098000000| Complete 
| 185|0x0000000098100000, 0x0000000098200000, 0x0000000098200000|100%| E|CS|TAMS 0x0000000098100000, 0x0000000098100000| Complete 
| 186|0x0000000098200000, 0x0000000098300000, 0x0000000098300000|100%| E|CS|TAMS 0x0000000098200000, 0x0000000098200000| Complete 
| 187|0x0000000098300000, 0x0000000098400000, 0x0000000098400000|100%| E|CS|TAMS 0x0000000098300000, 0x0000000098300000| Complete 
| 188|0x0000000098400000, 0x0000000098500000, 0x0000000098500000|100%| E|CS|TAMS 0x0000000098400000, 0x0000000098400000| Complete 
| 189|0x0000000098500000, 0x0000000098600000, 0x0000000098600000|100%| E|CS|TAMS 0x0000000098500000, 0x0000000098500000| Complete 
| 190|0x0000000098600000, 0x0000000098700000, 0x0000000098700000|100%| E|CS|TAMS 0x0000000098600000, 0x0000000098600000| Complete 
| 191|0x0000000098700000, 0x0000000098800000, 0x0000000098800000|100%| E|CS|TAMS 0x0000000098700000, 0x0000000098700000| Complete 
| 192|0x0000000098800000, 0x0000000098900000, 0x0000000098900000|100%| E|CS|TAMS 0x0000000098800000, 0x0000000098800000| Complete 
| 193|0x0000000098900000, 0x0000000098a00000, 0x0000000098a00000|100%| E|CS|TAMS 0x0000000098900000, 0x0000000098900000| Complete 
| 194|0x0000000098a00000, 0x0000000098b00000, 0x0000000098b00000|100%| E|CS|TAMS 0x0000000098a00000, 0x0000000098a00000| Complete 
| 195|0x0000000098b00000, 0x0000000098c00000, 0x0000000098c00000|100%| E|CS|TAMS 0x0000000098b00000, 0x0000000098b00000| Complete 
| 196|0x0000000098c00000, 0x0000000098d00000, 0x0000000098d00000|100%| E|CS|TAMS 0x0000000098c00000, 0x0000000098c00000| Complete 
| 197|0x0000000098d00000, 0x0000000098e00000, 0x0000000098e00000|100%| E|CS|TAMS 0x0000000098d00000, 0x0000000098d00000| Complete 
| 198|0x0000000098e00000, 0x0000000098f00000, 0x0000000098f00000|100%| E|CS|TAMS 0x0000000098e00000, 0x0000000098e00000| Complete 
| 199|0x0000000098f00000, 0x0000000099000000, 0x0000000099000000|100%| E|CS|TAMS 0x0000000098f00000, 0x0000000098f00000| Complete 
| 200|0x0000000099000000, 0x0000000099100000, 0x0000000099100000|100%| E|CS|TAMS 0x0000000099000000, 0x0000000099000000| Complete 
| 201|0x0000000099100000, 0x0000000099200000, 0x0000000099200000|100%| E|CS|TAMS 0x0000000099100000, 0x0000000099100000| Complete 
| 202|0x0000000099200000, 0x0000000099300000, 0x0000000099300000|100%| E|CS|TAMS 0x0000000099200000, 0x0000000099200000| Complete 
| 203|0x0000000099300000, 0x0000000099400000, 0x0000000099400000|100%| E|CS|TAMS 0x0000000099300000, 0x0000000099300000| Complete 
| 204|0x0000000099400000, 0x0000000099500000, 0x0000000099500000|100%| E|CS|TAMS 0x0000000099400000, 0x0000000099400000| Complete 
| 205|0x0000000099500000, 0x0000000099600000, 0x0000000099600000|100%| E|CS|TAMS 0x0000000099500000, 0x0000000099500000| Complete 
| 206|0x0000000099600000, 0x0000000099700000, 0x0000000099700000|100%| E|CS|TAMS 0x0000000099600000, 0x0000000099600000| Complete 
| 207|0x0000000099700000, 0x0000000099800000, 0x0000000099800000|100%| E|CS|TAMS 0x0000000099700000, 0x0000000099700000| Complete 
| 208|0x0000000099800000, 0x0000000099900000, 0x0000000099900000|100%| E|CS|TAMS 0x0000000099800000, 0x0000000099800000| Complete 
| 209|0x0000000099900000, 0x0000000099a00000, 0x0000000099a00000|100%| E|CS|TAMS 0x0000000099900000, 0x0000000099900000| Complete 
| 210|0x0000000099a00000, 0x0000000099b00000, 0x0000000099b00000|100%| E|CS|TAMS 0x0000000099a00000, 0x0000000099a00000| Complete 
| 211|0x0000000099b00000, 0x0000000099c00000, 0x0000000099c00000|100%| E|CS|TAMS 0x0000000099b00000, 0x0000000099b00000| Complete 
| 212|0x0000000099c00000, 0x0000000099d00000, 0x0000000099d00000|100%| E|CS|TAMS 0x0000000099c00000, 0x0000000099c00000| Complete 
| 213|0x0000000099d00000, 0x0000000099e00000, 0x0000000099e00000|100%| E|CS|TAMS 0x0000000099d00000, 0x0000000099d00000| Complete 
| 214|0x0000000099e00000, 0x0000000099f00000, 0x0000000099f00000|100%| E|CS|TAMS 0x0000000099e00000, 0x0000000099e00000| Complete 
| 215|0x0000000099f00000, 0x000000009a000000, 0x000000009a000000|100%| E|CS|TAMS 0x0000000099f00000, 0x0000000099f00000| Complete 
| 216|0x000000009a000000, 0x000000009a100000, 0x000000009a100000|100%| E|CS|TAMS 0x000000009a000000, 0x000000009a000000| Complete 
| 217|0x000000009a100000, 0x000000009a200000, 0x000000009a200000|100%| E|CS|TAMS 0x000000009a100000, 0x000000009a100000| Complete 
| 218|0x000000009a200000, 0x000000009a300000, 0x000000009a300000|100%| E|CS|TAMS 0x000000009a200000, 0x000000009a200000| Complete 

Card table byte_map: [0x00007fa96dac8000,0x00007fa96de64000] _byte_map_base: 0x00007fa96d664000

Marking Bits (Prev, Next): (CMBitMap*) 0x00007fa96805eda0, (CMBitMap*) 0x00007fa96805ed68
 Prev Bits: [0x00007fa948640000, 0x00007fa94a320000)
 Next Bits: [0x00007fa94a320000, 0x00007fa94c000000)

Polling page: 0x00007fa970e35000

Metaspace:

Usage:
  Non-class:     24.67 MB capacity,    24.40 MB ( 99%) used,   212.58 KB ( <1%) free+waste,    62.62 KB ( <1%) overhead. 
      Class:      2.94 MB capacity,     2.76 MB ( 94%) used,   157.84 KB (  5%) free+waste,    25.75 KB ( <1%) overhead. 
       Both:     27.60 MB capacity,    27.15 MB ( 98%) used,   370.42 KB (  1%) free+waste,    88.38 KB ( <1%) overhead. 

Virtual space:
  Non-class space:       26.00 MB reserved,      24.75 MB ( 95%) committed 
      Class space:        1.00 GB reserved,       3.05 MB ( <1%) committed 
             Both:        1.03 GB reserved,      27.80 MB (  3%) committed 

Chunk freelists:
   Non-Class:  0 bytes
       Class:  0 bytes
        Both:  0 bytes

CodeHeap 'non-profiled nmethods': size=120036Kb used=2040Kb max_used=2040Kb free=117995Kb
 bounds [0x00007fa95871e000, 0x00007fa95898e000, 0x00007fa95fc57000]
CodeHeap 'profiled nmethods': size=120032Kb used=8853Kb max_used=8853Kb free=111178Kb
 bounds [0x00007fa9511e6000, 0x00007fa951a96000, 0x00007fa95871e000]
CodeHeap 'non-nmethods': size=5692Kb used=1132Kb max_used=1170Kb free=4559Kb
 bounds [0x00007fa950c57000, 0x00007fa950ec7000, 0x00007fa9511e6000]
 total_blobs=5493 nmethods=4137 adapters=390
 compilation: enabled
              stopped_count=0, restarted_count=0
 full_count=0

Compilation events (10 events):
Event: 70.210 Thread 0x00007fa9681bc800 4183       3       com.github.jknack.handlebars.internal.lang3.math.NumberUtils::isCreatable (572 bytes)
Event: 70.233 Thread 0x00007fa9681bc800 nmethod 4183 0x00007fa951a86b90 code [0x00007fa951a86f00, 0x00007fa951a88dc8]
Event: 70.233 Thread 0x00007fa9681bc800 4184       3       com.github.jknack.handlebars.internal.Variable::<init> (115 bytes)
Event: 70.250 Thread 0x00007fa9681bc800 nmethod 4184 0x00007fa951a89390 code [0x00007fa951a89680, 0x00007fa951a8a768]
Event: 70.257 Thread 0x00007fa9681bc800 4189   !   3       jdk.internal.reflect.GeneratedMethodAccessor93::invoke (61 bytes)
Event: 70.282 Thread 0x00007fa9681bc800 nmethod 4189 0x00007fa951a8ac10 code [0x00007fa951a8ae40, 0x00007fa951a8b4e8]
Event: 70.283 Thread 0x00007fa9681bc800 4190       1       io.swagger.codegen.v3.CodegenOperation::getNotes (5 bytes)
Event: 70.283 Thread 0x00007fa9681bc800 nmethod 4190 0x00007fa958918f90 code [0x00007fa958919140, 0x00007fa958919250]
Event: 70.522 Thread 0x00007fa9681ba800 nmethod 4177 0x00007fa958919310 code [0x00007fa958919520, 0x00007fa95891a448]
Event: 70.522 Thread 0x00007fa9681ba800 4191       4       sun.nio.cs.UTF_8$Encoder::encodeArrayLoop (489 bytes)

GC Heap History (10 events):
Event: 52.262 GC heap before
{Heap before GC invocations=15 (full 0):
 garbage-first heap   total 186368K, used 117327K [0x000000008c800000, 0x0000000100000000)
  region size 1024K, 109 young (111616K), 6 survivors (6144K)
 Metaspace       used 27166K, capacity 27606K, committed 27824K, reserved 1075200K
  class space    used 2769K, capacity 2931K, committed 2992K, reserved 1048576K
}
Event: 52.333 GC heap after
{Heap after GC invocations=16 (full 0):
 garbage-first heap   total 186368K, used 11851K [0x000000008c800000, 0x0000000100000000)
  region size 1024K, 6 young (6144K), 6 survivors (6144K)
 Metaspace       used 27166K, capacity 27606K, committed 27824K, reserved 1075200K
  class space    used 2769K, capacity 2931K, committed 2992K, reserved 1048576K
}
Event: 55.168 GC heap before
{Heap before GC invocations=16 (full 0):
 garbage-first heap   total 186368K, used 117323K [0x000000008c800000, 0x0000000100000000)
  region size 1024K, 109 young (111616K), 6 survivors (6144K)
 Metaspace       used 27213K, capacity 27670K, committed 27824K, reserved 1075200K
  class space    used 2769K, capacity 2931K, committed 2992K, reserved 1048576K
}
Event: 55.246 GC heap after
{Heap after GC invocations=17 (full 0):
 garbage-first heap   total 224256K, used 11853K [0x000000008c800000, 0x0000000100000000)
  region size 1024K, 6 young (6144K), 6 survivors (6144K)
 Metaspace       used 27213K, capacity 27670K, committed 27824K, reserved 1075200K
  class space    used 2769K, capacity 2931K, committed 2992K, reserved 1048576K
}
Event: 59.147 GC heap before
{Heap before GC invocations=17 (full 0):
 garbage-first heap   total 224256K, used 139853K [0x000000008c800000, 0x0000000100000000)
  region size 1024K, 131 young (134144K), 6 survivors (6144K)
 Metaspace       used 27237K, capacity 27670K, committed 27824K, reserved 1075200K
  class space    used 2769K, capacity 2931K, committed 2992K, reserved 1048576K
}
Event: 59.220 GC heap after
{Heap after GC invocations=18 (full 0):
 garbage-first heap   total 224256K, used 11857K [0x000000008c800000, 0x0000000100000000)
  region size 1024K, 6 young (6144K), 6 survivors (6144K)
 Metaspace       used 27237K, capacity 27670K, committed 27824K, reserved 1075200K
  class space    used 2769K, capacity 2931K, committed 2992K, reserved 1048576K
}
Event: 62.987 GC heap before
{Heap before GC invocations=18 (full 0):
 garbage-first heap   total 224256K, used 139857K [0x000000008c800000, 0x0000000100000000)
  region size 1024K, 131 young (134144K), 6 survivors (6144K)
 Metaspace       used 27310K, capacity 27739K, committed 27824K, reserved 1075200K
  class space    used 2769K, capacity 2931K, committed 2992K, reserved 1048576K
}
Event: 63.025 GC heap after
{Heap after GC invocations=19 (full 0):
 garbage-first heap   total 224256K, used 11856K [0x000000008c800000, 0x0000000100000000)
  region size 1024K, 6 young (6144K), 6 survivors (6144K)
 Metaspace       used 27310K, capacity 27739K, committed 27824K, reserved 1075200K
  class space    used 2769K, capacity 2931K, committed 2992K, reserved 1048576K
}
Event: 67.280 GC heap before
{Heap before GC invocations=19 (full 0):
 garbage-first heap   total 224256K, used 139856K [0x000000008c800000, 0x0000000100000000)
  region size 1024K, 131 young (134144K), 6 survivors (6144K)
 Metaspace       used 27724K, capacity 28183K, committed 28336K, reserved 1075200K
  class space    used 2810K, capacity 2984K, committed 2992K, reserved 1048576K
}
Event: 67.366 GC heap after
{Heap after GC invocations=20 (full 0):
 garbage-first heap   total 224256K, used 13361K [0x000000008c800000, 0x0000000100000000)
  region size 1024K, 7 young (7168K), 7 survivors (7168K)
 Metaspace       used 27724K, capacity 28183K, committed 28336K, reserved 1075200K
  class space    used 2810K, capacity 2984K, committed 2992K, reserved 1048576K
}

Deoptimization events (10 events):
Event: 67.962 Thread 0x00007fa96868f000 Uncommon trap: reason=unstable_if action=reinterpret pc=0x00007fa9587d27d4 method=java.util.regex.Pattern$CharPropertyGreedy.match(Ljava/util/regex/Matcher;ILjava/lang/CharSequence;)Z @ 33 c2
Event: 68.132 Thread 0x00007fa96868f000 Uncommon trap: reason=unstable_if action=reinterpret pc=0x00007fa9588b206c method=sun.nio.cs.UTF_8$Encoder.encodeArrayLoop(Ljava/nio/CharBuffer;Ljava/nio/ByteBuffer;)Ljava/nio/charset/CoderResult; @ 113 c2
Event: 68.561 Thread 0x00007fa96868f000 Uncommon trap: reason=bimorphic_or_optimized_type_check action=maybe_recompile pc=0x00007fa9588e44e8 method=com.github.jknack.handlebars.internal.antlr.RuleContext.getText()Ljava/lang/String; @ 1 c2
Event: 68.971 Thread 0x00007fa96868f000 Uncommon trap: reason=bimorphic_or_optimized_type_check action=maybe_recompile pc=0x00007fa9588e44e8 method=com.github.jknack.handlebars.internal.antlr.RuleContext.getText()Ljava/lang/String; @ 1 c2
Event: 69.005 Thread 0x00007fa96868f000 Uncommon trap: reason=bimorphic_or_optimized_type_check action=maybe_recompile pc=0x00007fa95890c710 method=com.github.jknack.handlebars.Context$PathExpressionChain.next(Lcom/github/jknack/handlebars/ValueResolver;Lcom/github/jknack/handlebars/Context;Lja
Event: 69.010 Thread 0x00007fa96868f000 Uncommon trap: reason=bimorphic_or_optimized_type_check action=maybe_recompile pc=0x00007fa95890c710 method=com.github.jknack.handlebars.Context$PathExpressionChain.next(Lcom/github/jknack/handlebars/ValueResolver;Lcom/github/jknack/handlebars/Context;Lja
Event: 69.277 Thread 0x00007fa96868f000 Uncommon trap: reason=bimorphic_or_optimized_type_check action=maybe_recompile pc=0x00007fa9588e44e8 method=com.github.jknack.handlebars.internal.antlr.RuleContext.getText()Ljava/lang/String; @ 1 c2
Event: 69.317 Thread 0x00007fa96868f000 Uncommon trap: reason=bimorphic_or_optimized_type_check action=maybe_recompile pc=0x00007fa95890c710 method=com.github.jknack.handlebars.Context$PathExpressionChain.next(Lcom/github/jknack/handlebars/ValueResolver;Lcom/github/jknack/handlebars/Context;Lja
Event: 69.778 Thread 0x00007fa96868f000 Uncommon trap: reason=bimorphic_or_optimized_type_check action=maybe_recompile pc=0x00007fa95890c710 method=com.github.jknack.handlebars.Context$PathExpressionChain.next(Lcom/github/jknack/handlebars/ValueResolver;Lcom/github/jknack/handlebars/Context;Lja
Event: 70.563 Thread 0x00007fa96868f000 Uncommon trap: reason=unstable_if action=reinterpret pc=0x00007fa95890f0cc method=com.github.jknack.handlebars.internal.antlr.CommonToken.getText()Ljava/lang/String; @ 4 c2

Classes redefined (0 events):
No events

Internal exceptions (10 events):
Event: 4.174 Thread 0x00007fa968010000 Exception <a 'java/lang/NoSuchMethodError'{0x000000009337cd40}: java.lang.invoke.DirectMethodHandle$Holder.invokeStatic(Ljava/lang/Object;Ljava/lang/Object;Ljava/lang/Object;Ljava/lang/Object;Ljava/lang/Object;Ljava/lang/Object;Ljava/lang/Object;Ljava/lan
Event: 4.182 Thread 0x00007fa968010000 Exception <a 'java/lang/NoSuchMethodError'{0x000000009339b3e0}: java.lang.invoke.DirectMethodHandle$Holder.invokeStatic(Ljava/lang/Object;Ljava/lang/Object;Ljava/lang/Object;Ljava/lang/Object;Ljava/lang/Object;Ljava/lang/Object;Ljava/lang/Object;Ljava/lan
Event: 4.187 Thread 0x00007fa968010000 Exception <a 'java/lang/NoSuchMethodError'{0x00000000933ba508}: java.lang.invoke.DirectMethodHandle$Holder.invokeStatic(Ljava/lang/Object;Ljava/lang/Object;Ljava/lang/Object;Ljava/lang/Object;Ljava/lang/Object;Ljava/lang/Object;Ljava/lang/Object;Ljava/lan
Event: 4.192 Thread 0x00007fa968010000 Exception <a 'java/lang/NoSuchMethodError'{0x00000000933dab50}: java.lang.invoke.DirectMethodHandle$Holder.invokeStatic(Ljava/lang/Object;Ljava/lang/Object;Ljava/lang/Object;Ljava/lang/Object;Ljava/lang/Object;Ljava/lang/Object;Ljava/lang/Object;Ljava/lan
Event: 4.204 Thread 0x00007fa968010000 Exception <a 'java/lang/ClassNotFoundException'{0x0000000093b00d88}: io/swagger/codegen/v3/cli/cmd/GenerateBeanInfo> (0x0000000093b00d88) thrown at [/scratch/opt/mach5/mesos/work_dir/slaves/c4ee7e63-1ded-4e8c-9581-ce26f27e3af4-S10/frameworks/1735e8a2-a1db
Event: 4.204 Thread 0x00007fa968010000 Exception <a 'java/lang/ClassNotFoundException'{0x0000000093b015f8}: java/lang/ObjectBeanInfo> (0x0000000093b015f8) thrown at [/scratch/opt/mach5/mesos/work_dir/slaves/c4ee7e63-1ded-4e8c-9581-ce26f27e3af4-S10/frameworks/1735e8a2-a1db-478c-8104-60c8b0af87d
Event: 4.215 Thread 0x00007fa968010000 Exception <a 'java/lang/ClassNotFoundException'{0x0000000093b03f18}: java/lang/ObjectCustomizer> (0x0000000093b03f18) thrown at [/scratch/opt/mach5/mesos/work_dir/slaves/c4ee7e63-1ded-4e8c-9581-ce26f27e3af4-S10/frameworks/1735e8a2-a1db-478c-8104-60c8b0af8
Event: 4.275 Thread 0x00007fa968010000 Exception <a 'java/lang/ClassNotFoundException'{0x0000000093b22be0}: io/swagger/codegen/v3/cli/cmd/GenerateCustomizer> (0x0000000093b22be0) thrown at [/scratch/opt/mach5/mesos/work_dir/slaves/c4ee7e63-1ded-4e8c-9581-ce26f27e3af4-S10/frameworks/1735e8a2-a1
Event: 5.216 Thread 0x00007fa96868f000 Exception <a 'java/lang/NoSuchMethodError'{0x00000000936fd760}: java.lang.invoke.Invokers$Holder.linkToTargetMethod(Ljava/lang/Object;Ljava/lang/Object;Ljava/lang/Object;Ljava/lang/Object;Ljava/lang/Object;Ljava/lang/Object;)Ljava/lang/Object;> (0x0000000
Event: 10.518 Thread 0x00007fa96868f000 Exception <a 'java/lang/NoSuchMethodError'{0x000000009084cb78}: org.slf4j.impl.StaticMDCBinder.getSingleton()Lorg/slf4j/impl/StaticMDCBinder;> (0x000000009084cb78) thrown at [/scratch/opt/mach5/mesos/work_dir/slaves/c4ee7e63-1ded-4e8c-9581-ce26f27e3af4-S1

Events (10 events):
Event: 69.852 Thread 0x00007fa96868f000 DEOPT UNPACKING pc=0x00007fa950c7efba sp=0x00007fa9419fd478 mode 0
Event: 70.257 Thread 0x00007fa96868f000 DEOPT PACKING pc=0x00007fa951a4fc87 sp=0x00007fa9419fde60
Event: 70.257 Thread 0x00007fa96868f000 DEOPT UNPACKING pc=0x00007fa950c7efba sp=0x00007fa9419fd3f8 mode 0
Event: 70.263 Thread 0x00007fa96868f000 DEOPT PACKING pc=0x00007fa951a4fc87 sp=0x00007fa9419fde60
Event: 70.263 Thread 0x00007fa96868f000 DEOPT UNPACKING pc=0x00007fa950c7efba sp=0x00007fa9419fd3f8 mode 0
Event: 70.270 Thread 0x00007fa96868f000 DEOPT PACKING pc=0x00007fa951a4fc87 sp=0x00007fa9419fde60
Event: 70.270 Thread 0x00007fa96868f000 DEOPT UNPACKING pc=0x00007fa950c7efba sp=0x00007fa9419fd3f8 mode 0
Event: 70.563 Thread 0x00007fa96868f000 Uncommon trap: trap_request=0xffffff4d fr.pc=0x00007fa95890f0cc relative=0x000000000000034c
Event: 70.563 Thread 0x00007fa96868f000 DEOPT PACKING pc=0x00007fa95890f0cc sp=0x00007fa9419fddc0
Event: 70.563 Thread 0x00007fa96868f000 DEOPT UNPACKING pc=0x00007fa950c7f1a5 sp=0x00007fa9419fdd78 mode 2


Dynamic libraries:
00400000-00401000 r-xp 00000000 08:02 7490723                            /home/dvl-monster/jdk-11/bin/java
00600000-00601000 r--p 00000000 08:02 7490723                            /home/dvl-monster/jdk-11/bin/java
00601000-00602000 rw-p 00001000 08:02 7490723                            /home/dvl-monster/jdk-11/bin/java
0204a000-0206b000 rw-p 00000000 00:00 0                                  [heap]
8c800000-9a300000 rw-p 00000000 00:00 0 
9a300000-100000000 ---p 00000000 00:00 0 
100000000-10030c000 rw-p 00000000 00:00 0 
10030c000-140000000 ---p 00000000 00:00 0 
7fa910000000-7fa910021000 rw-p 00000000 00:00 0 
7fa910021000-7fa914000000 ---p 00000000 00:00 0 
7fa914000000-7fa914021000 rw-p 00000000 00:00 0 
7fa914021000-7fa918000000 ---p 00000000 00:00 0 
7fa918000000-7fa91888b000 rw-p 00000000 00:00 0 
7fa91888b000-7fa91c000000 ---p 00000000 00:00 0 
7fa91c000000-7fa91c2f4000 rw-p 00000000 00:00 0 
7fa91c2f4000-7fa920000000 ---p 00000000 00:00 0 
7fa920000000-7fa920021000 rw-p 00000000 00:00 0 
7fa920021000-7fa924000000 ---p 00000000 00:00 0 
7fa924000000-7fa925d65000 rw-p 00000000 00:00 0 
7fa925d65000-7fa928000000 ---p 00000000 00:00 0 
7fa928000000-7fa928021000 rw-p 00000000 00:00 0 
7fa928021000-7fa92c000000 ---p 00000000 00:00 0 
7fa92c000000-7fa92c021000 rw-p 00000000 00:00 0 
7fa92c021000-7fa930000000 ---p 00000000 00:00 0 
7fa930000000-7fa930021000 rw-p 00000000 00:00 0 
7fa930021000-7fa934000000 ---p 00000000 00:00 0 
7fa934000000-7fa934060000 rw-p 00000000 00:00 0 
7fa934060000-7fa938000000 ---p 00000000 00:00 0 
7fa938000000-7fa938021000 rw-p 00000000 00:00 0 
7fa938021000-7fa93c000000 ---p 00000000 00:00 0 
7fa93c000000-7fa93c021000 rw-p 00000000 00:00 0 
7fa93c021000-7fa940000000 ---p 00000000 00:00 0 
7fa9410aa000-7fa9413c0000 rw-p 00000000 00:00 0 
7fa9413c0000-7fa941500000 ---p 00000000 00:00 0 
7fa941500000-7fa941700000 rw-p 00000000 00:00 0 
7fa941700000-7fa941900000 rw-p 00000000 00:00 0 
7fa941900000-7fa941904000 ---p 00000000 00:00 0 
7fa941904000-7fa941c00000 rw-p 00000000 00:00 0 
7fa941c00000-7fa941e00000 rw-p 00000000 00:00 0 
7fa941e00000-7fa944000000 rw-p 00000000 00:00 0 
7fa944000000-7fa944021000 rw-p 00000000 00:00 0 
7fa944021000-7fa948000000 ---p 00000000 00:00 0 
7fa948000000-7fa948200000 rw-p 00000000 00:00 0 
7fa948200000-7fa948400000 rw-p 00000000 00:00 0 
7fa948400000-7fa948416000 r-xp 00000000 08:02 7492702                    /home/dvl-monster/jdk-11/lib/libnet.so
7fa948416000-7fa948615000 ---p 00016000 08:02 7492702                    /home/dvl-monster/jdk-11/lib/libnet.so
7fa948615000-7fa948616000 r--p 00015000 08:02 7492702                    /home/dvl-monster/jdk-11/lib/libnet.so
7fa948616000-7fa948617000 rw-p 00016000 08:02 7492702                    /home/dvl-monster/jdk-11/lib/libnet.so
7fa948640000-7fa9489ac000 rw-p 00000000 00:00 0 
7fa9489ac000-7fa94a320000 ---p 00000000 00:00 0 
7fa94a320000-7fa94a68c000 rw-p 00000000 00:00 0 
7fa94a68c000-7fa94c000000 ---p 00000000 00:00 0 
7fa94c000000-7fa94c021000 rw-p 00000000 00:00 0 
7fa94c021000-7fa950000000 ---p 00000000 00:00 0 
7fa950000000-7fa950200000 rw-p 00000000 00:00 0 
7fa950200000-7fa950210000 r-xp 00000000 08:02 7492703                    /home/dvl-monster/jdk-11/lib/libnio.so
7fa950210000-7fa95040f000 ---p 00010000 08:02 7492703                    /home/dvl-monster/jdk-11/lib/libnio.so
7fa95040f000-7fa950410000 r--p 0000f000 08:02 7492703                    /home/dvl-monster/jdk-11/lib/libnio.so
7fa950410000-7fa950411000 rw-p 00010000 08:02 7492703                    /home/dvl-monster/jdk-11/lib/libnio.so
7fa950453000-7fa950454000 ---p 00000000 00:00 0 
7fa950454000-7fa950555000 rw-p 00000000 00:00 0 
7fa950555000-7fa950559000 ---p 00000000 00:00 0 
7fa950559000-7fa950655000 rw-p 00000000 00:00 0 
7fa950655000-7fa950656000 ---p 00000000 00:00 0 
7fa950656000-7fa950757000 rw-p 00000000 00:00 0 
7fa950757000-7fa95075b000 ---p 00000000 00:00 0 
7fa95075b000-7fa950857000 rw-p 00000000 00:00 0 
7fa950857000-7fa95085b000 ---p 00000000 00:00 0 
7fa95085b000-7fa950957000 rw-p 00000000 00:00 0 
7fa950957000-7fa95095b000 ---p 00000000 00:00 0 
7fa95095b000-7fa950a57000 rw-p 00000000 00:00 0 
7fa950a57000-7fa950a5b000 ---p 00000000 00:00 0 
7fa950a5b000-7fa950b57000 rw-p 00000000 00:00 0 
7fa950b57000-7fa950b5b000 ---p 00000000 00:00 0 
7fa950b5b000-7fa950c57000 rw-p 00000000 00:00 0 
7fa950c57000-7fa950ec7000 rwxp 00000000 00:00 0 
7fa950ec7000-7fa9511e6000 ---p 00000000 00:00 0 
7fa9511e6000-7fa951a96000 rwxp 00000000 00:00 0 
7fa951a96000-7fa95871e000 ---p 00000000 00:00 0 
7fa95871e000-7fa95898e000 rwxp 00000000 00:00 0 
7fa95898e000-7fa95fc57000 ---p 00000000 00:00 0 
7fa95fc57000-7fa967ff9000 r--s 00000000 08:02 7492713                    /home/dvl-monster/jdk-11/lib/modules
7fa968000000-7fa968694000 rw-p 00000000 00:00 0 
7fa968694000-7fa96c000000 ---p 00000000 00:00 0 
7fa96c0a7000-7fa96c61a000 r--p 00000000 08:02 2492083                    /usr/lib/locale/locale-archive
7fa96c620000-7fa96c624000 ---p 00000000 00:00 0 
7fa96c624000-7fa96c720000 rw-p 00000000 00:00 0 
7fa96c720000-7fa96c724000 ---p 00000000 00:00 0 
7fa96c724000-7fa96c820000 rw-p 00000000 00:00 0 
7fa96c820000-7fa96c821000 ---p 00000000 00:00 0 
7fa96c821000-7fa96d122000 rw-p 00000000 00:00 0 
7fa96d122000-7fa96d123000 ---p 00000000 00:00 0 
7fa96d123000-7fa96d224000 rw-p 00000000 00:00 0 
7fa96d224000-7fa96d225000 ---p 00000000 00:00 0 
7fa96d225000-7fa96d528000 rw-p 00000000 00:00 0 
7fa96d528000-7fa96d529000 ---p 00000000 00:00 0 
7fa96d529000-7fa96d62a000 rw-p 00000000 00:00 0 
7fa96d62a000-7fa96d62b000 ---p 00000000 00:00 0 
7fa96d62b000-7fa96d79a000 rw-p 00000000 00:00 0 
7fa96d79a000-7fa96dac8000 ---p 00000000 00:00 0 
7fa96dac8000-7fa96db36000 rw-p 00000000 00:00 0 
7fa96db36000-7fa96de64000 ---p 00000000 00:00 0 
7fa96de64000-7fa96ded2000 rw-p 00000000 00:00 0 
7fa96ded2000-7fa96e200000 ---p 00000000 00:00 0 
7fa96e200000-7fa96e21b000 r-xp 00000000 08:02 7492694                    /home/dvl-monster/jdk-11/lib/libjimage.so
7fa96e21b000-7fa96e41a000 ---p 0001b000 08:02 7492694                    /home/dvl-monster/jdk-11/lib/libjimage.so
7fa96e41a000-7fa96e41c000 r--p 0001a000 08:02 7492694                    /home/dvl-monster/jdk-11/lib/libjimage.so
7fa96e41c000-7fa96e41d000 rw-p 0001c000 08:02 7492694                    /home/dvl-monster/jdk-11/lib/libjimage.so
7fa96e4ff000-7fa96e600000 rw-p 00000000 00:00 0 
7fa96e600000-7fa96e607000 r-xp 00000000 08:02 7492712                    /home/dvl-monster/jdk-11/lib/libzip.so
7fa96e607000-7fa96e806000 ---p 00007000 08:02 7492712                    /home/dvl-monster/jdk-11/lib/libzip.so
7fa96e806000-7fa96e807000 r--p 00006000 08:02 7492712                    /home/dvl-monster/jdk-11/lib/libzip.so
7fa96e807000-7fa96e808000 rw-p 00007000 08:02 7492712                    /home/dvl-monster/jdk-11/lib/libzip.so
7fa96e8ff000-7fa96ea00000 rw-p 00000000 00:00 0 
7fa96ea00000-7fa96ea2b000 r-xp 00000000 08:02 7492690                    /home/dvl-monster/jdk-11/lib/libjava.so
7fa96ea2b000-7fa96ec2a000 ---p 0002b000 08:02 7492690                    /home/dvl-monster/jdk-11/lib/libjava.so
7fa96ec2a000-7fa96ec2b000 r--p 0002a000 08:02 7492690                    /home/dvl-monster/jdk-11/lib/libjava.so
7fa96ec2b000-7fa96ec2d000 rw-p 0002b000 08:02 7492690                    /home/dvl-monster/jdk-11/lib/libjava.so
7fa96ec7d000-7fa96ecfe000 rw-p 00000000 00:00 0 
7fa96ecfe000-7fa96ecff000 ---p 00000000 00:00 0 
7fa96ecff000-7fa96ee00000 rw-p 00000000 00:00 0 
7fa96ee00000-7fa96ee0d000 r-xp 00000000 08:02 7492711                    /home/dvl-monster/jdk-11/lib/libverify.so
7fa96ee0d000-7fa96f00c000 ---p 0000d000 08:02 7492711                    /home/dvl-monster/jdk-11/lib/libverify.so
7fa96f00c000-7fa96f00e000 r--p 0000c000 08:02 7492711                    /home/dvl-monster/jdk-11/lib/libverify.so
7fa96f00e000-7fa96f00f000 rw-p 0000e000 08:02 7492711                    /home/dvl-monster/jdk-11/lib/libverify.so
7fa96f015000-7fa96f01a000 rw-p 00000000 00:00 0 
7fa96f01a000-7fa96f100000 ---p 00000000 00:00 0 
7fa96f100000-7fa96f104000 ---p 00000000 00:00 0 
7fa96f104000-7fa96f200000 rw-p 00000000 00:00 0 
7fa96f200000-7fa970386000 r-xp 00000000 08:02 7492724                    /home/dvl-monster/jdk-11/lib/server/libjvm.so
7fa970386000-7fa970585000 ---p 01186000 08:02 7492724                    /home/dvl-monster/jdk-11/lib/server/libjvm.so
7fa970585000-7fa97064f000 r--p 01185000 08:02 7492724                    /home/dvl-monster/jdk-11/lib/server/libjvm.so
7fa97064f000-7fa970689000 rw-p 0124f000 08:02 7492724                    /home/dvl-monster/jdk-11/lib/server/libjvm.so
7fa970689000-7fa9706df000 rw-p 00000000 00:00 0 
7fa9706ec000-7fa9706fe000 rw-p 00000000 00:00 0 
7fa9706fe000-7fa9707d7000 ---p 00000000 00:00 0 
7fa9707d7000-7fa9707ff000 r--p 00000000 08:02 2496934                    /usr/lib/x86_64-linux-gnu/libc.so.6
7fa9707ff000-7fa970994000 r-xp 00028000 08:02 2496934                    /usr/lib/x86_64-linux-gnu/libc.so.6
7fa970994000-7fa9709ec000 r--p 001bd000 08:02 2496934                    /usr/lib/x86_64-linux-gnu/libc.so.6
7fa9709ec000-7fa9709f0000 r--p 00214000 08:02 2496934                    /usr/lib/x86_64-linux-gnu/libc.so.6
7fa9709f0000-7fa9709f2000 rw-p 00218000 08:02 2496934                    /usr/lib/x86_64-linux-gnu/libc.so.6
7fa9709f2000-7fa9709ff000 rw-p 00000000 00:00 0 
7fa970a00000-7fa970a0f000 r-xp 00000000 08:02 7492675                    /home/dvl-monster/jdk-11/lib/jli/libjli.so
7fa970a0f000-7fa970c0f000 ---p 0000f000 08:02 7492675                    /home/dvl-monster/jdk-11/lib/jli/libjli.so
7fa970c0f000-7fa970c10000 r--p 0000f000 08:02 7492675                    /home/dvl-monster/jdk-11/lib/jli/libjli.so
7fa970c10000-7fa970c11000 rw-p 00010000 08:02 7492675                    /home/dvl-monster/jdk-11/lib/jli/libjli.so
7fa970c34000-7fa970c38000 ---p 00000000 00:00 0 
7fa970c38000-7fa970cef000 rw-p 00000000 00:00 0 
7fa970cef000-7fa970cfd000 r--p 00000000 08:02 2496939                    /usr/lib/x86_64-linux-gnu/libm.so.6
7fa970cfd000-7fa970d79000 r-xp 0000e000 08:02 2496939                    /usr/lib/x86_64-linux-gnu/libm.so.6
7fa970d79000-7fa970dd4000 r--p 0008a000 08:02 2496939                    /usr/lib/x86_64-linux-gnu/libm.so.6
7fa970dd4000-7fa970dd5000 r--p 000e4000 08:02 2496939                    /usr/lib/x86_64-linux-gnu/libm.so.6
7fa970dd5000-7fa970dd6000 rw-p 000e5000 08:02 2496939                    /usr/lib/x86_64-linux-gnu/libm.so.6
7fa970de3000-7fa970de8000 rw-p 00000000 00:00 0 
7fa970de8000-7fa970def000 ---p 00000000 00:00 0 
7fa970def000-7fa970df0000 r--p 00000000 08:02 2496937                    /usr/lib/x86_64-linux-gnu/libdl.so.2
7fa970df0000-7fa970df1000 r-xp 00001000 08:02 2496937                    /usr/lib/x86_64-linux-gnu/libdl.so.2
7fa970df1000-7fa970df2000 r--p 00002000 08:02 2496937                    /usr/lib/x86_64-linux-gnu/libdl.so.2
7fa970df2000-7fa970df3000 r--p 00002000 08:02 2496937                    /usr/lib/x86_64-linux-gnu/libdl.so.2
7fa970df3000-7fa970df4000 rw-p 00003000 08:02 2496937                    /usr/lib/x86_64-linux-gnu/libdl.so.2
7fa970df7000-7fa970df8000 r--p 00000000 08:02 2496955                    /usr/lib/x86_64-linux-gnu/libpthread.so.0
7fa970df8000-7fa970df9000 r-xp 00001000 08:02 2496955                    /usr/lib/x86_64-linux-gnu/libpthread.so.0
7fa970df9000-7fa970dfa000 r--p 00002000 08:02 2496955                    /usr/lib/x86_64-linux-gnu/libpthread.so.0
7fa970dfa000-7fa970dfb000 r--p 00002000 08:02 2496955                    /usr/lib/x86_64-linux-gnu/libpthread.so.0
7fa970dfb000-7fa970dfc000 rw-p 00003000 08:02 2496955                    /usr/lib/x86_64-linux-gnu/libpthread.so.0
7fa970dff000-7fa970e01000 r--p 00000000 08:02 2491760                    /usr/lib/x86_64-linux-gnu/libz.so.1.2.11
7fa970e01000-7fa970e12000 r-xp 00002000 08:02 2491760                    /usr/lib/x86_64-linux-gnu/libz.so.1.2.11
7fa970e12000-7fa970e18000 r--p 00013000 08:02 2491760                    /usr/lib/x86_64-linux-gnu/libz.so.1.2.11
7fa970e18000-7fa970e19000 ---p 00019000 08:02 2491760                    /usr/lib/x86_64-linux-gnu/libz.so.1.2.11
7fa970e19000-7fa970e1a000 r--p 00019000 08:02 2491760                    /usr/lib/x86_64-linux-gnu/libz.so.1.2.11
7fa970e1a000-7fa970e1b000 rw-p 0001a000 08:02 2491760                    /usr/lib/x86_64-linux-gnu/libz.so.1.2.11
7fa970e1d000-7fa970e1f000 rw-p 00000000 00:00 0 
7fa970e27000-7fa970e2f000 rw-s 00000000 08:02 663911                     /tmp/hsperfdata_dvl-monster/29290
7fa970e2f000-7fa970e30000 r--p 00000000 08:02 2496959                    /usr/lib/x86_64-linux-gnu/librt.so.1
7fa970e30000-7fa970e31000 r-xp 00001000 08:02 2496959                    /usr/lib/x86_64-linux-gnu/librt.so.1
7fa970e31000-7fa970e32000 r--p 00002000 08:02 2496959                    /usr/lib/x86_64-linux-gnu/librt.so.1
7fa970e32000-7fa970e33000 r--p 00002000 08:02 2496959                    /usr/lib/x86_64-linux-gnu/librt.so.1
7fa970e33000-7fa970e34000 rw-p 00003000 08:02 2496959                    /usr/lib/x86_64-linux-gnu/librt.so.1
7fa970e35000-7fa970e36000 ---p 00000000 00:00 0 
7fa970e36000-7fa970e37000 r--p 00000000 00:00 0 
7fa970e37000-7fa970e39000 r--p 00000000 08:02 2490401                    /usr/lib/x86_64-linux-gnu/ld-linux-x86-64.so.2
7fa970e39000-7fa970e63000 r-xp 00002000 08:02 2490401                    /usr/lib/x86_64-linux-gnu/ld-linux-x86-64.so.2
7fa970e63000-7fa970e6e000 r--p 0002c000 08:02 2490401                    /usr/lib/x86_64-linux-gnu/ld-linux-x86-64.so.2
7fa970e6f000-7fa970e71000 r--p 00037000 08:02 2490401                    /usr/lib/x86_64-linux-gnu/ld-linux-x86-64.so.2
7fa970e71000-7fa970e73000 rw-p 00039000 08:02 2490401                    /usr/lib/x86_64-linux-gnu/ld-linux-x86-64.so.2
7fa970e73000-7fa970e75000 rw-p 00000000 00:00 0 
7fff994cd000-7fff994ef000 rw-p 00000000 00:00 0                          [stack]
7fff995ef000-7fff995f3000 r--p 00000000 00:00 0                          [vvar]
7fff995f3000-7fff995f5000 r-xp 00000000 00:00 0                          [vdso]
ffffffffff600000-ffffffffff601000 --xp 00000000 00:00 0                  [vsyscall]


VM Arguments:
java_command: swagger-codegen-cli.jar generate -i ../../../src/backend/laravel-app/storage/api-docs/api-docs.json -l typescript-axios -o ../../../src/frontend/web/react-admin/src/generated
java_class_path (initial): swagger-codegen-cli.jar
Launcher Type: SUN_STANDARD

[Global flags]
     intx CICompilerCount                          = 2                                         {product} {ergonomic}
     uint ConcGCThreads                            = 1                                         {product} {ergonomic}
     uint G1ConcRefinementThreads                  = 2                                         {product} {ergonomic}
   size_t G1HeapRegionSize                         = 1048576                                   {product} {ergonomic}
    uintx GCDrainStackTargetSize                   = 64                                        {product} {ergonomic}
   size_t InitialHeapSize                          = 121634816                                 {product} {ergonomic}
   size_t MarkStackSize                            = 4194304                                   {product} {ergonomic}
   size_t MaxHeapSize                              = 1937768448                                {product} {ergonomic}
   size_t MaxNewSize                               = 1161822208                                {product} {ergonomic}
   size_t MinHeapDeltaBytes                        = 1048576                                   {product} {ergonomic}
    uintx NonNMethodCodeHeapSize                   = 5824844                                {pd product} {ergonomic}
    uintx NonProfiledCodeHeapSize                  = 122916698                              {pd product} {ergonomic}
    uintx ProfiledCodeHeapSize                     = 122916698                              {pd product} {ergonomic}
    uintx ReservedCodeCacheSize                    = 251658240                              {pd product} {ergonomic}
     bool SegmentedCodeCache                       = true                                      {product} {ergonomic}
     bool UseCompressedClassPointers               = true                                 {lp64_product} {ergonomic}
     bool UseCompressedOops                        = true                                 {lp64_product} {ergonomic}
     bool UseG1GC                                  = true                                      {product} {ergonomic}

Logging:
Log output configuration:
 #0: stdout all=warning uptime,level,tags
 #1: stderr all=off uptime,level,tags

Environment Variables:
PATH=/home/dvl-monster/Postman:/home/dvl-monster/android-studio/bin:/home/dvl-monster/Modelio 4.1:/home/dvl-monster/jdk-11/bin:/home/dvl-monster/apache-maven-3.8.8/bin:/home/dvl-monster/Eclipse Tomcat/eclipse:/home/dvl-monster/Postman:/home/dvl-monster/android-studio/bin:/home/dvl-monster/Modelio 4.1:/home/dvl-monster/jdk-11/bin:/home/dvl-monster/apache-maven-3.8.8/bin:/home/dvl-monster/Eclipse Tomcat/eclipse:/usr/local/sbin:/usr/local/bin:/usr/sbin:/usr/bin:/sbin:/bin:/usr/games:/usr/local/games:/snap/bin
SHELL=/bin/bash
DISPLAY=:0

Signal Handlers:
SIGSEGV: [libjvm.so+0xe58ad0], sa_mask[0]=11111111011111111101111111111110, sa_flags=SA_RESTART|SA_SIGINFO
SIGBUS: [libjvm.so+0xe58ad0], sa_mask[0]=11111111011111111101111111111110, sa_flags=SA_RESTART|SA_SIGINFO
SIGFPE: [libjvm.so+0xe58ad0], sa_mask[0]=11111111011111111101111111111110, sa_flags=SA_RESTART|SA_SIGINFO
SIGPIPE: [libjvm.so+0xc2ebd0], sa_mask[0]=11111111011111111101111111111110, sa_flags=SA_RESTART|SA_SIGINFO
SIGXFSZ: [libjvm.so+0xc2ebd0], sa_mask[0]=11111111011111111101111111111110, sa_flags=SA_RESTART|SA_SIGINFO
SIGILL: [libjvm.so+0xe58ad0], sa_mask[0]=11111111011111111101111111111110, sa_flags=SA_RESTART|SA_SIGINFO
SIGUSR2: [libjvm.so+0xc2ea70], sa_mask[0]=00000000000000000000000000000000, sa_flags=SA_RESTART|SA_SIGINFO
SIGHUP: [libjvm.so+0xc2edd0], sa_mask[0]=11111111011111111101111111111110, sa_flags=SA_RESTART|SA_SIGINFO
SIGINT: [libjvm.so+0xc2edd0], sa_mask[0]=11111111011111111101111111111110, sa_flags=SA_RESTART|SA_SIGINFO
SIGTERM: [libjvm.so+0xc2edd0], sa_mask[0]=11111111011111111101111111111110, sa_flags=SA_RESTART|SA_SIGINFO
SIGQUIT: [libjvm.so+0xc2edd0], sa_mask[0]=11111111011111111101111111111110, sa_flags=SA_RESTART|SA_SIGINFO


---------------  S Y S T E M  ---------------

OS:DISTRIB_ID=LinuxMint
DISTRIB_RELEASE=21.1
DISTRIB_CODENAME=vera
DISTRIB_DESCRIPTION="Linux Mint 21.1 Vera"
uname:Linux 5.15.0-76-generic #83-Ubuntu SMP Thu Jun 15 19:16:32 UTC 2023 x86_64
libc:glibc 2.35 NPTL 2.35 
rlimit: STACK 8192k, CORE 0k, NPROC 29064, NOFILE 1048576, AS infinity, DATA infinity, FSIZE infinity
load average:8.17 5.45 4.71

/proc/meminfo:
MemTotal:        7562224 kB
MemFree:          124428 kB
MemAvailable:    1650768 kB
Buffers:          163436 kB
Cached:          1490904 kB
SwapCached:        46492 kB
Active:          1518244 kB
Inactive:        5356780 kB
Active(anon):     425660 kB
Inactive(anon):  4850028 kB
Active(file):    1092584 kB
Inactive(file):   506752 kB
Unevictable:          48 kB
Mlocked:              48 kB
SwapTotal:       2098172 kB
SwapFree:        1339132 kB
Dirty:              1680 kB
Writeback:             0 kB
AnonPages:       5212112 kB
Mapped:           601252 kB
Shmem:             54876 kB
KReclaimable:     232100 kB
Slab:             372396 kB
SReclaimable:     232100 kB
SUnreclaim:       140296 kB
KernelStack:       21104 kB
PageTables:        74724 kB
NFS_Unstable:          0 kB
Bounce:                0 kB
WritebackTmp:          0 kB
CommitLimit:     5879284 kB
Committed_AS:   13117952 kB
VmallocTotal:   34359738367 kB
VmallocUsed:       56260 kB
VmallocChunk:          0 kB
Percpu:             4128 kB
HardwareCorrupted:     0 kB
AnonHugePages:         0 kB
ShmemHugePages:        0 kB
ShmemPmdMapped:        0 kB
FileHugePages:         0 kB
FilePmdMapped:         0 kB
HugePages_Total:       0
HugePages_Free:        0
HugePages_Rsvd:        0
HugePages_Surp:        0
Hugepagesize:       2048 kB
Hugetlb:               0 kB
DirectMap4k:      560492 kB
DirectMap2M:     6205440 kB
DirectMap1G:     1048576 kB


/proc/sys/kernel/threads-max (system-wide limit on the number of threads):
58129


/proc/sys/vm/max_map_count (maximum number of memory map areas a process may have):
65530


/proc/sys/kernel/pid_max (system-wide limit on number of process identifiers):
4194304



CPU:total 2 (initial active 2) (2 cores per cpu, 1 threads per core) family 21 model 16 stepping 1, cmov, cx8, fxsr, mmx, sse, sse2, sse3, ssse3, sse4.1, sse4.2, popcnt, avx, aes, clmul, mmxext, 3dnowpref, lzcnt, sse4a, tsc, tscinvbit, tscinv, bmi1, fma
CPU Model and flags from /proc/cpuinfo:
model name	: AMD A6-4400M APU with Radeon(tm) HD Graphics
flags		: fpu vme de pse tsc msr pae mce cx8 apic sep mtrr pge mca cmov pat pse36 clflush mmx fxsr sse sse2 ht syscall nx mmxext fxsr_opt pdpe1gb rdtscp lm constant_tsc rep_good nopl nonstop_tsc cpuid extd_apicid aperfmperf pni pclmulqdq monitor ssse3 fma cx16 sse4_1 sse4_2 popcnt aes xsave avx f16c lahf_lm cmp_legacy svm extapic cr8_legacy abm sse4a misalignsse 3dnowprefetch osvw ibs xop skinit wdt lwp fma4 tce nodeid_msr tbm topoext perfctr_core perfctr_nb cpb hw_pstate ssbd vmmcall bmi1 arat npt lbrv svm_lock nrip_save tsc_scale vmcb_clean flushbyasid decodeassists pausefilter pfthreshold

Memory: 4k page, physical 7562224k(124428k free), swap 2098172k(1339132k free)

vm_info: OpenJDK 64-Bit Server VM (11+28) for linux-amd64 JRE (11+28), built on Aug 22 2018 18:55:06 by "mach5one" with gcc 7.3.0

END.
